<?xml version="1.0" encoding="UTF-8"?>
<!-- Generated by org.testng.reporters.JUnitReportReporter -->
<testsuite hostname="Yens-MacBook-Pro.local" failures="0" tests="1" name="eclipseTips.HotKeys" time="3.254" errors="0" timestamp="29 Jul 2023 08:53:57 GMT" skipped="0">
  <testcase classname="eclipseTips.HotKeys" name="Register_01_Empty_Data" time="3.254"/>
</testsuite> <!-- eclipseTips.HotKeys -->
